#
# There is insufficient memory for the Java Runtime Environment to continue.
# Native memory allocation (mmap) failed to map 132120576 bytes for G1 virtual space
# Possible reasons:
#   The system is out of physical RAM or swap space
#   The process is running with CompressedOops enabled, and the Java Heap may be blocking the growth of the native heap
# Possible solutions:
#   Reduce memory load on the system
#   Increase physical memory or swap space
#   Check if swap backing store is full
#   Decrease Java heap size (-Xmx/-Xms)
#   Decrease number of Java threads
#   Decrease Java thread stack sizes (-Xss)
#   Set larger code cache with -XX:ReservedCodeCacheSize=
#   JVM is running with Unscaled Compressed Oops mode in which the Java heap is
#     placed in the first 4GB address space. The Java Heap base address is the
#     maximum limit for the native heap growth. Please use -XX:HeapBaseMinAddress
#     to set the Java Heap base and to place the Java Heap above 4GB virtual address.
# This output file may be truncated or incomplete.
#
#  Out of Memory Error (os_windows.cpp:3548), pid=7488, tid=16852
#
# JRE version:  (17.0.12+8) (build )
# Java VM: Java HotSpot(TM) 64-Bit Server VM (17.0.12+8-LTS-286, mixed mode, sharing, tiered, compressed oops, compressed class ptrs, g1 gc, windows-amd64)
# No core dump will be written. Minidumps are not enabled by default on client versions of Windows
#

---------------  S U M M A R Y ------------

Command Line: -javaagent:C:\Program Files\JetBrains\IntelliJ IDEA Community Edition 2024.2.4\lib\idea_rt.jar=52297:C:\Program Files\JetBrains\IntelliJ IDEA Community Edition 2024.2.4\bin -Dfile.encoding=UTF-8 ClassReplacement.VusalinSinifi

Host: 11th Gen Intel(R) Core(TM) i5-1135G7 @ 2.40GHz, 8 cores, 7G,  Windows 11 , 64 bit Build 22621 (10.0.22621.4391)
Time: Sat Nov 16 18:45:06 2024 Azerbaijan Standard Time elapsed time: 0.013557 seconds (0d 0h 0m 0s)

---------------  T H R E A D  ---------------

Current thread (0x000002926d94fb10):  JavaThread "Unknown thread" [_thread_in_vm, id=16852, stack(0x000000e3e8600000,0x000000e3e8700000)]

Stack: [0x000000e3e8600000,0x000000e3e8700000]
Native frames: (J=compiled Java code, j=interpreted, Vv=VM code, C=native code)
V  [jvm.dll+0x67a04a]
V  [jvm.dll+0x7da4ed]
V  [jvm.dll+0x7dbe33]
V  [jvm.dll+0x7dc4a3]
V  [jvm.dll+0x24508f]
V  [jvm.dll+0x677089]
V  [jvm.dll+0x66bd32]
V  [jvm.dll+0x301fa6]
V  [jvm.dll+0x309546]
V  [jvm.dll+0x359d2e]
V  [jvm.dll+0x359f5f]
V  [jvm.dll+0x2d9078]
V  [jvm.dll+0x2d9fe4]
V  [jvm.dll+0x7aca21]
V  [jvm.dll+0x367591]
V  [jvm.dll+0x78b999]
V  [jvm.dll+0x3ec83f]
V  [jvm.dll+0x3ee471]
C  [jli.dll+0x5297]
C  [ucrtbase.dll+0x29333]
C  [KERNEL32.DLL+0x1259d]
C  [ntdll.dll+0x5af38]


---------------  P R O C E S S  ---------------

Threads class SMR info:
_java_thread_list=0x00007ffb4e337a18, length=0, elements={
}

Java Threads: ( => current thread )

Other Threads:
  0x000002926d9ac610 GCTaskThread "GC Thread#0" [stack: 0x000000e3e8700000,0x000000e3e8800000] [id=15632]
  0x000002926d9bdd30 ConcurrentGCThread "G1 Main Marker" [stack: 0x000000e3e8800000,0x000000e3e8900000] [id=16372]
  0x000002926d9bede0 ConcurrentGCThread "G1 Conc#0" [stack: 0x000000e3e8900000,0x000000e3e8a00000] [id=3732]

[error occurred during error reporting (printing all threads), id 0xc0000005, EXCEPTION_ACCESS_VIOLATION (0xc0000005) at pc=0x00007ffb4db69b67]

VM state: not at safepoint (not fully initialized)

VM Mutex/Monitor currently owned by a thread:  ([mutex/lock_event])
[0x000002926d94c040] Heap_lock - owner thread: 0x000002926d94fb10

Heap address: 0x0000000083a00000, size: 1990 MB, Compressed Oops mode: 32-bit

CDS archive(s) mapped at: [0x0000000000000000-0x0000000000000000-0x0000000000000000), size 0, SharedBaseAddress: 0x0000000800000000, ArchiveRelocationMode: 1.
Narrow klass base: 0x0000000000000000, Narrow klass shift: 0, Narrow klass range: 0x0

GC Precious Log:
<Empty>

Heap:
 garbage-first heap   total 0K, used 0K [0x0000000083a00000, 0x0000000100000000)
  region size 1024K, 0 young (0K), 0 survivors (0K)

[error occurred during error reporting (printing heap information), id 0xc0000005, EXCEPTION_ACCESS_VIOLATION (0xc0000005) at pc=0x00007ffb4df53859]

GC Heap History (0 events):
No events

Deoptimization events (0 events):
No events

Classes unloaded (0 events):
No events

Classes redefined (0 events):
No events

Internal exceptions (0 events):
No events

VM Operations (0 events):
No events

Events (1 events):
Event: 0.008 Loaded shared library C:\Program Files\Java\jdk-17\bin\java.dll


Dynamic libraries:
0x00007ff7e00a0000 - 0x00007ff7e00b0000 	C:\Program Files\Java\jdk-17\bin\java.exe
0x00007ffbb1b90000 - 0x00007ffbb1da7000 	C:\WINDOWS\SYSTEM32\ntdll.dll
0x00007ffbb04c0000 - 0x00007ffbb0584000 	C:\WINDOWS\System32\KERNEL32.DLL
0x00007ffbaf240000 - 0x00007ffbaf5f9000 	C:\WINDOWS\System32\KERNELBASE.dll
0x00007ffbaf600000 - 0x00007ffbaf711000 	C:\WINDOWS\System32\ucrtbase.dll
0x00007ffba9030000 - 0x00007ffba904b000 	C:\Program Files\Java\jdk-17\bin\VCRUNTIME140.dll
0x00007ffba9010000 - 0x00007ffba9029000 	C:\Program Files\Java\jdk-17\bin\jli.dll
0x00007ffbb0df0000 - 0x00007ffbb0ea2000 	C:\WINDOWS\System32\ADVAPI32.dll
0x00007ffbb1990000 - 0x00007ffbb1a37000 	C:\WINDOWS\System32\msvcrt.dll
0x00007ffbb00c0000 - 0x00007ffbb0167000 	C:\WINDOWS\System32\sechost.dll
0x00007ffbaf120000 - 0x00007ffbaf148000 	C:\WINDOWS\System32\bcrypt.dll
0x00007ffbb1870000 - 0x00007ffbb1984000 	C:\WINDOWS\System32\RPCRT4.dll
0x00007ffbb02d0000 - 0x00007ffbb047e000 	C:\WINDOWS\System32\USER32.dll
0x00007ffbaf7e0000 - 0x00007ffbaf806000 	C:\WINDOWS\System32\win32u.dll
0x00007ffbb1840000 - 0x00007ffbb1869000 	C:\WINDOWS\System32\GDI32.dll
0x00007ffbaf000000 - 0x00007ffbaf11b000 	C:\WINDOWS\System32\gdi32full.dll
0x00007ffbaf810000 - 0x00007ffbaf8aa000 	C:\WINDOWS\System32\msvcp_win.dll
0x00007ffba02c0000 - 0x00007ffba0552000 	C:\WINDOWS\WinSxS\amd64_microsoft.windows.common-controls_6595b64144ccf1df_6.0.22621.4391_none_2715d37f73803e96\COMCTL32.dll
0x00007ffb9ce50000 - 0x00007ffb9ce5a000 	C:\WINDOWS\SYSTEM32\VERSION.dll
0x00007ffbb0480000 - 0x00007ffbb04b1000 	C:\WINDOWS\System32\IMM32.DLL
0x00007ffba7430000 - 0x00007ffba743c000 	C:\Program Files\Java\jdk-17\bin\vcruntime140_1.dll
0x00007ffb9ef90000 - 0x00007ffb9f01e000 	C:\Program Files\Java\jdk-17\bin\msvcp140.dll
0x00007ffb4d880000 - 0x00007ffb4e460000 	C:\Program Files\Java\jdk-17\bin\server\jvm.dll
0x00007ffbb1b40000 - 0x00007ffbb1b48000 	C:\WINDOWS\System32\PSAPI.DLL
0x00007ffba3c40000 - 0x00007ffba3c74000 	C:\WINDOWS\SYSTEM32\WINMM.dll
0x00007ffba7440000 - 0x00007ffba7449000 	C:\WINDOWS\SYSTEM32\WSOCK32.dll
0x00007ffbb05f0000 - 0x00007ffbb0661000 	C:\WINDOWS\System32\WS2_32.dll
0x00007ffbade90000 - 0x00007ffbadea8000 	C:\WINDOWS\SYSTEM32\kernel.appcore.dll
0x00007ffba7420000 - 0x00007ffba742a000 	C:\Program Files\Java\jdk-17\bin\jimage.dll
0x00007ffbac6f0000 - 0x00007ffbac922000 	C:\WINDOWS\SYSTEM32\DBGHELP.DLL
0x00007ffbaf9a0000 - 0x00007ffbafd2f000 	C:\WINDOWS\System32\combase.dll
0x00007ffbb1a60000 - 0x00007ffbb1b37000 	C:\WINDOWS\System32\OLEAUT32.dll
0x00007ffb96250000 - 0x00007ffb96282000 	C:\WINDOWS\SYSTEM32\dbgcore.DLL
0x00007ffbaf150000 - 0x00007ffbaf1cb000 	C:\WINDOWS\System32\bcryptPrimitives.dll
0x00007ffba7410000 - 0x00007ffba741e000 	C:\Program Files\Java\jdk-17\bin\instrument.dll
0x00007ffb95820000 - 0x00007ffb95845000 	C:\Program Files\Java\jdk-17\bin\java.dll

dbghelp: loaded successfully - version: 4.0.5 - missing functions: none
symbol engine: initialized successfully - sym options: 0x614 - pdb path: .;C:\Program Files\Java\jdk-17\bin;C:\WINDOWS\SYSTEM32;C:\WINDOWS\WinSxS\amd64_microsoft.windows.common-controls_6595b64144ccf1df_6.0.22621.4391_none_2715d37f73803e96;C:\Program Files\Java\jdk-17\bin\server

VM Arguments:
jvm_args: -javaagent:C:\Program Files\JetBrains\IntelliJ IDEA Community Edition 2024.2.4\lib\idea_rt.jar=52297:C:\Program Files\JetBrains\IntelliJ IDEA Community Edition 2024.2.4\bin -Dfile.encoding=UTF-8 
java_command: ClassReplacement.VusalinSinifi
java_class_path (initial): C:\Users\user\IdeaProjects\java-course\out\production\java-course
Launcher Type: SUN_STANDARD

[Global flags]
     intx CICompilerCount                          = 4                                         {product} {ergonomic}
     uint ConcGCThreads                            = 2                                         {product} {ergonomic}
     uint G1ConcRefinementThreads                  = 8                                         {product} {ergonomic}
   size_t G1HeapRegionSize                         = 1048576                                   {product} {ergonomic}
    uintx GCDrainStackTargetSize                   = 64                                        {product} {ergonomic}
   size_t InitialHeapSize                          = 132120576                                 {product} {ergonomic}
   size_t MarkStackSize                            = 4194304                                   {product} {ergonomic}
   size_t MaxHeapSize                              = 2086666240                                {product} {ergonomic}
   size_t MinHeapDeltaBytes                        = 1048576                                   {product} {ergonomic}
   size_t MinHeapSize                              = 8388608                                   {product} {ergonomic}
    uintx NonNMethodCodeHeapSize                   = 5839372                                {pd product} {ergonomic}
    uintx NonProfiledCodeHeapSize                  = 122909434                              {pd product} {ergonomic}
    uintx ProfiledCodeHeapSize                     = 122909434                              {pd product} {ergonomic}
    uintx ReservedCodeCacheSize                    = 251658240                              {pd product} {ergonomic}
     bool SegmentedCodeCache                       = true                                      {product} {ergonomic}
   size_t SoftMaxHeapSize                          = 2086666240                             {manageable} {ergonomic}
     bool UseCompressedClassPointers               = true                           {product lp64_product} {ergonomic}
     bool UseCompressedOops                        = true                           {product lp64_product} {ergonomic}
     bool UseG1GC                                  = true                                      {product} {ergonomic}
     bool UseLargePagesIndividualAllocation        = false                                  {pd product} {ergonomic}

Logging:
Log output configuration:
 #0: stdout all=warning uptime,level,tags
 #1: stderr all=off uptime,level,tags

Environment Variables:
PATH=C:\Program Files\Common Files\Oracle\Java\javapath;C:\Program Files (x86)\Common Files\Oracle\Java\javapath;C:\WINDOWS\system32;C:\WINDOWS;C:\WINDOWS\System32\Wbem;C:\WINDOWS\System32\WindowsPowerShell\v1.0\;C:\WINDOWS\System32\OpenSSH\;C:\Program Files\7-Zip;C:\xampp\php;C:\Program Files\Git\cmd;C:\Users\user\AppData\Local\Microsoft\WindowsApps;C:\Users\user\AppData\Local\Programs\Microsoft VS Code\bin;C:\MinGW;C:\Program Files\JetBrains\IntelliJ IDEA 2024.2.3\bin;
USERNAME=user
OS=Windows_NT
PROCESSOR_IDENTIFIER=Intel64 Family 6 Model 140 Stepping 1, GenuineIntel



---------------  S Y S T E M  ---------------

OS:
 Windows 11 , 64 bit Build 22621 (10.0.22621.4391)
OS uptime: 0 days 23:09 hours
Hyper-V role detected

CPU: total 8 (initial active 8) (4 cores per cpu, 2 threads per core) family 6 model 140 stepping 1 microcode 0x9a, cx8, cmov, fxsr, ht, mmx, 3dnowpref, sse, sse2, sse3, ssse3, sse4.1, sse4.2, popcnt, lzcnt, tsc, tscinvbit, avx, avx2, aes, erms, clmul, bmi1, bmi2, adx, avx512f, avx512dq, avx512cd, avx512bw, avx512vl, sha, fma, vzeroupper, avx512_vpopcntdq, avx512_vpclmulqdq, avx512_vaes, avx512_vnni, clflush, clflushopt, clwb, avx512_vbmi2, avx512_vbmi, hv

Memory: 4k page, system-wide physical 7959M (1023M free)
TotalPageFile size 9959M (AvailPageFile size 6M)
current process WorkingSet (physical memory assigned to process): 11M, peak: 11M
current process commit charge ("private bytes"): 60M, peak: 186M

vm_info: Java HotSpot(TM) 64-Bit Server VM (17.0.12+8-LTS-286) for windows-amd64 JRE (17.0.12+8-LTS-286), built on Jun  5 2024 06:46:59 by "mach5one" with MS VC++ 17.6 (VS2022)

END.
