#
# There is insufficient memory for the Java Runtime Environment to continue.
# Native memory allocation (mmap) failed to map 132120576 bytes for G1 virtual space
# Possible reasons:
#   The system is out of physical RAM or swap space
#   The process is running with CompressedOops enabled, and the Java Heap may be blocking the growth of the native heap
# Possible solutions:
#   Reduce memory load on the system
#   Increase physical memory or swap space
#   Check if swap backing store is full
#   Decrease Java heap size (-Xmx/-Xms)
#   Decrease number of Java threads
#   Decrease Java thread stack sizes (-Xss)
#   Set larger code cache with -XX:ReservedCodeCacheSize=
#   JVM is running with Unscaled Compressed Oops mode in which the Java heap is
#     placed in the first 4GB address space. The Java Heap base address is the
#     maximum limit for the native heap growth. Please use -XX:HeapBaseMinAddress
#     to set the Java Heap base and to place the Java Heap above 4GB virtual address.
# This output file may be truncated or incomplete.
#
#  Out of Memory Error (os_windows.cpp:3548), pid=6992, tid=14004
#
# JRE version:  (17.0.12+8) (build )
# Java VM: Java HotSpot(TM) 64-Bit Server VM (17.0.12+8-LTS-286, mixed mode, sharing, tiered, compressed oops, compressed class ptrs, g1 gc, windows-amd64)
# No core dump will be written. Minidumps are not enabled by default on client versions of Windows
#

---------------  S U M M A R Y ------------

Command Line: -javaagent:C:\Program Files\JetBrains\IntelliJ IDEA Community Edition 2024.2.4\lib\idea_rt.jar=50368:C:\Program Files\JetBrains\IntelliJ IDEA Community Edition 2024.2.4\bin -Dfile.encoding=UTF-8 Uclutask.ShootingAtTheSquareApp

Host: 11th Gen Intel(R) Core(TM) i5-1135G7 @ 2.40GHz, 8 cores, 7G,  Windows 11 , 64 bit Build 22621 (10.0.22621.4391)
Time: Fri Nov 15 19:32:24 2024 Azerbaijan Standard Time elapsed time: 0.014848 seconds (0d 0h 0m 0s)

---------------  T H R E A D  ---------------

Current thread (0x000001926f792be0):  JavaThread "Unknown thread" [_thread_in_vm, id=14004, stack(0x0000006931000000,0x0000006931100000)]

Stack: [0x0000006931000000,0x0000006931100000]
Native frames: (J=compiled Java code, j=interpreted, Vv=VM code, C=native code)
V  [jvm.dll+0x67a04a]
V  [jvm.dll+0x7da4ed]
V  [jvm.dll+0x7dbe33]
V  [jvm.dll+0x7dc4a3]
V  [jvm.dll+0x24508f]
V  [jvm.dll+0x677089]
V  [jvm.dll+0x66bd32]
V  [jvm.dll+0x301fa6]
V  [jvm.dll+0x309546]
V  [jvm.dll+0x359d2e]
V  [jvm.dll+0x359f5f]
V  [jvm.dll+0x2d9078]
V  [jvm.dll+0x2d9fe4]
V  [jvm.dll+0x7aca21]
V  [jvm.dll+0x367591]
V  [jvm.dll+0x78b999]
V  [jvm.dll+0x3ec83f]
V  [jvm.dll+0x3ee471]
C  [jli.dll+0x5297]
C  [ucrtbase.dll+0x29333]
C  [KERNEL32.DLL+0x1259d]
C  [ntdll.dll+0x5af38]


---------------  P R O C E S S  ---------------

Threads class SMR info:
_java_thread_list=0x00007ffbfbe37a18, length=0, elements={
}

Java Threads: ( => current thread )

Other Threads:
  0x000001926f7eafd0 GCTaskThread "GC Thread#0" [stack: 0x0000006931100000,0x0000006931200000] [id=8256]
  0x000001926f7fc700 ConcurrentGCThread "G1 Main Marker" [stack: 0x0000006931200000,0x0000006931300000] [id=3492]
  0x000001926f7fd7c0 ConcurrentGCThread "G1 Conc#0" [stack: 0x0000006931300000,0x0000006931400000] [id=11660]

[error occurred during error reporting (printing all threads), id 0xc0000005, EXCEPTION_ACCESS_VIOLATION (0xc0000005) at pc=0x00007ffbfb669b67]

VM state: not at safepoint (not fully initialized)

VM Mutex/Monitor currently owned by a thread:  ([mutex/lock_event])
[0x000001926f78ef00] Heap_lock - owner thread: 0x000001926f792be0

Heap address: 0x0000000083a00000, size: 1990 MB, Compressed Oops mode: 32-bit

CDS archive(s) mapped at: [0x0000000000000000-0x0000000000000000-0x0000000000000000), size 0, SharedBaseAddress: 0x0000000800000000, ArchiveRelocationMode: 1.
Narrow klass base: 0x0000000000000000, Narrow klass shift: 0, Narrow klass range: 0x0

GC Precious Log:
<Empty>

Heap:
 garbage-first heap   total 0K, used 0K [0x0000000083a00000, 0x0000000100000000)
  region size 1024K, 0 young (0K), 0 survivors (0K)

[error occurred during error reporting (printing heap information), id 0xc0000005, EXCEPTION_ACCESS_VIOLATION (0xc0000005) at pc=0x00007ffbfba53859]

GC Heap History (0 events):
No events

Deoptimization events (0 events):
No events

Classes unloaded (0 events):
No events

Classes redefined (0 events):
No events

Internal exceptions (0 events):
No events

VM Operations (0 events):
No events

Events (1 events):
Event: 0.011 Loaded shared library C:\Program Files\Java\jdk-17\bin\java.dll


Dynamic libraries:
0x00007ff702460000 - 0x00007ff702470000 	C:\Program Files\Java\jdk-17\bin\java.exe
0x00007ffc48d90000 - 0x00007ffc48fa7000 	C:\WINDOWS\SYSTEM32\ntdll.dll
0x00007ffc47910000 - 0x00007ffc479d4000 	C:\WINDOWS\System32\KERNEL32.DLL
0x00007ffc46090000 - 0x00007ffc46449000 	C:\WINDOWS\System32\KERNELBASE.dll
0x00007ffc46870000 - 0x00007ffc46981000 	C:\WINDOWS\System32\ucrtbase.dll
0x00007ffc40b40000 - 0x00007ffc40b5b000 	C:\Program Files\Java\jdk-17\bin\VCRUNTIME140.dll
0x00007ffc3e160000 - 0x00007ffc3e179000 	C:\Program Files\Java\jdk-17\bin\jli.dll
0x00007ffc48c40000 - 0x00007ffc48cf2000 	C:\WINDOWS\System32\ADVAPI32.dll
0x00007ffc472d0000 - 0x00007ffc47377000 	C:\WINDOWS\System32\msvcrt.dll
0x00007ffc46ab0000 - 0x00007ffc46b57000 	C:\WINDOWS\System32\sechost.dll
0x00007ffc466a0000 - 0x00007ffc466c8000 	C:\WINDOWS\System32\bcrypt.dll
0x00007ffc47550000 - 0x00007ffc47664000 	C:\WINDOWS\System32\RPCRT4.dll
0x00007ffc47720000 - 0x00007ffc478ce000 	C:\WINDOWS\System32\USER32.dll
0x00007ffc46840000 - 0x00007ffc46866000 	C:\WINDOWS\System32\win32u.dll
0x00007ffc319d0000 - 0x00007ffc31c62000 	C:\WINDOWS\WinSxS\amd64_microsoft.windows.common-controls_6595b64144ccf1df_6.0.22621.4391_none_2715d37f73803e96\COMCTL32.dll
0x00007ffc48680000 - 0x00007ffc486a9000 	C:\WINDOWS\System32\GDI32.dll
0x00007ffc46580000 - 0x00007ffc4669b000 	C:\WINDOWS\System32\gdi32full.dll
0x00007ffc46990000 - 0x00007ffc46a2a000 	C:\WINDOWS\System32\msvcp_win.dll
0x00007ffc41560000 - 0x00007ffc4156a000 	C:\WINDOWS\SYSTEM32\VERSION.dll
0x00007ffc478d0000 - 0x00007ffc47901000 	C:\WINDOWS\System32\IMM32.DLL
0x00007ffc416d0000 - 0x00007ffc416dc000 	C:\Program Files\Java\jdk-17\bin\vcruntime140_1.dll
0x00007ffc29f10000 - 0x00007ffc29f9e000 	C:\Program Files\Java\jdk-17\bin\msvcp140.dll
0x00007ffbfb380000 - 0x00007ffbfbf60000 	C:\Program Files\Java\jdk-17\bin\server\jvm.dll
0x00007ffc486b0000 - 0x00007ffc486b8000 	C:\WINDOWS\System32\PSAPI.DLL
0x00007ffc3e4a0000 - 0x00007ffc3e4a9000 	C:\WINDOWS\SYSTEM32\WSOCK32.dll
0x00007ffc41750000 - 0x00007ffc41784000 	C:\WINDOWS\SYSTEM32\WINMM.dll
0x00007ffc48260000 - 0x00007ffc482d1000 	C:\WINDOWS\System32\WS2_32.dll
0x00007ffc45090000 - 0x00007ffc450a8000 	C:\WINDOWS\SYSTEM32\kernel.appcore.dll
0x00007ffc3e450000 - 0x00007ffc3e45a000 	C:\Program Files\Java\jdk-17\bin\jimage.dll
0x00007ffc438f0000 - 0x00007ffc43b22000 	C:\WINDOWS\SYSTEM32\DBGHELP.DLL
0x00007ffc488b0000 - 0x00007ffc48c3f000 	C:\WINDOWS\System32\combase.dll
0x00007ffc482e0000 - 0x00007ffc483b7000 	C:\WINDOWS\System32\OLEAUT32.dll
0x00007ffc29bb0000 - 0x00007ffc29be2000 	C:\WINDOWS\SYSTEM32\dbgcore.DLL
0x00007ffc46a30000 - 0x00007ffc46aab000 	C:\WINDOWS\System32\bcryptPrimitives.dll
0x00007ffc3e1e0000 - 0x00007ffc3e1ee000 	C:\Program Files\Java\jdk-17\bin\instrument.dll
0x00007ffc3db40000 - 0x00007ffc3db65000 	C:\Program Files\Java\jdk-17\bin\java.dll

dbghelp: loaded successfully - version: 4.0.5 - missing functions: none
symbol engine: initialized successfully - sym options: 0x614 - pdb path: .;C:\Program Files\Java\jdk-17\bin;C:\WINDOWS\SYSTEM32;C:\WINDOWS\WinSxS\amd64_microsoft.windows.common-controls_6595b64144ccf1df_6.0.22621.4391_none_2715d37f73803e96;C:\Program Files\Java\jdk-17\bin\server

VM Arguments:
jvm_args: -javaagent:C:\Program Files\JetBrains\IntelliJ IDEA Community Edition 2024.2.4\lib\idea_rt.jar=50368:C:\Program Files\JetBrains\IntelliJ IDEA Community Edition 2024.2.4\bin -Dfile.encoding=UTF-8 
java_command: Uclutask.ShootingAtTheSquareApp
java_class_path (initial): C:\Users\user\IdeaProjects\java-course\out\production\java-course
Launcher Type: SUN_STANDARD

[Global flags]
     intx CICompilerCount                          = 4                                         {product} {ergonomic}
     uint ConcGCThreads                            = 2                                         {product} {ergonomic}
     uint G1ConcRefinementThreads                  = 8                                         {product} {ergonomic}
   size_t G1HeapRegionSize                         = 1048576                                   {product} {ergonomic}
    uintx GCDrainStackTargetSize                   = 64                                        {product} {ergonomic}
   size_t InitialHeapSize                          = 132120576                                 {product} {ergonomic}
   size_t MarkStackSize                            = 4194304                                   {product} {ergonomic}
   size_t MaxHeapSize                              = 2086666240                                {product} {ergonomic}
   size_t MinHeapDeltaBytes                        = 1048576                                   {product} {ergonomic}
   size_t MinHeapSize                              = 8388608                                   {product} {ergonomic}
    uintx NonNMethodCodeHeapSize                   = 5839372                                {pd product} {ergonomic}
    uintx NonProfiledCodeHeapSize                  = 122909434                              {pd product} {ergonomic}
    uintx ProfiledCodeHeapSize                     = 122909434                              {pd product} {ergonomic}
    uintx ReservedCodeCacheSize                    = 251658240                              {pd product} {ergonomic}
     bool SegmentedCodeCache                       = true                                      {product} {ergonomic}
   size_t SoftMaxHeapSize                          = 2086666240                             {manageable} {ergonomic}
     bool UseCompressedClassPointers               = true                           {product lp64_product} {ergonomic}
     bool UseCompressedOops                        = true                           {product lp64_product} {ergonomic}
     bool UseG1GC                                  = true                                      {product} {ergonomic}
     bool UseLargePagesIndividualAllocation        = false                                  {pd product} {ergonomic}

Logging:
Log output configuration:
 #0: stdout all=warning uptime,level,tags
 #1: stderr all=off uptime,level,tags

Environment Variables:
PATH=C:\Program Files\Common Files\Oracle\Java\javapath;C:\Program Files (x86)\Common Files\Oracle\Java\javapath;C:\WINDOWS\system32;C:\WINDOWS;C:\WINDOWS\System32\Wbem;C:\WINDOWS\System32\WindowsPowerShell\v1.0\;C:\WINDOWS\System32\OpenSSH\;C:\Program Files\7-Zip;C:\xampp\php;C:\Program Files\Git\cmd;C:\Users\user\AppData\Local\Microsoft\WindowsApps;C:\Users\user\AppData\Local\Programs\Microsoft VS Code\bin;C:\MinGW;C:\Program Files\JetBrains\IntelliJ IDEA 2024.2.3\bin;
USERNAME=user
OS=Windows_NT
PROCESSOR_IDENTIFIER=Intel64 Family 6 Model 140 Stepping 1, GenuineIntel



---------------  S Y S T E M  ---------------

OS:
 Windows 11 , 64 bit Build 22621 (10.0.22621.4391)
OS uptime: 0 days 0:27 hours
Hyper-V role detected

CPU: total 8 (initial active 8) (4 cores per cpu, 2 threads per core) family 6 model 140 stepping 1 microcode 0x9a, cx8, cmov, fxsr, ht, mmx, 3dnowpref, sse, sse2, sse3, ssse3, sse4.1, sse4.2, popcnt, lzcnt, tsc, tscinvbit, avx, avx2, aes, erms, clmul, bmi1, bmi2, adx, avx512f, avx512dq, avx512cd, avx512bw, avx512vl, sha, fma, vzeroupper, avx512_vpopcntdq, avx512_vpclmulqdq, avx512_vaes, avx512_vnni, clflush, clflushopt, clwb, avx512_vbmi2, avx512_vbmi, hv

Memory: 4k page, system-wide physical 7959M (548M free)
TotalPageFile size 9959M (AvailPageFile size 117M)
current process WorkingSet (physical memory assigned to process): 11M, peak: 11M
current process commit charge ("private bytes"): 60M, peak: 186M

vm_info: Java HotSpot(TM) 64-Bit Server VM (17.0.12+8-LTS-286) for windows-amd64 JRE (17.0.12+8-LTS-286), built on Jun  5 2024 06:46:59 by "mach5one" with MS VC++ 17.6 (VS2022)

END.
